# JRE version: OpenJDK Runtime Environment (11.0.6+10) (build 11.0.6+10-post-Debian-1deb10u1)
# Java VM: OpenJDK 64-Bit Server VM (11.0.6+10-post-Debian-1deb10u1, mixed mode, sharing, tiered, compressed oops, g1 gc, linux-amd64)
Heap:
 garbage-first heap   total 285696K, used 183012K [0x0000000744e00000, 0x0000000800000000)
  region size 1024K, 129 young (132096K), 12 survivors (12288K)
 Metaspace       used 81271K, capacity 88426K, committed 88748K, reserved 1126400K
  class space    used 8851K, capacity 10931K, committed 11008K, reserved 1048576K
GC Heap History (20 events):
Event: 70,649 GC heap before
{Heap before GC invocations=29 (full 0):
 garbage-first heap   total 285696K, used 210086K [0x0000000744e00000, 0x0000000800000000)
  region size 1024K, 167 young (171008K), 10 survivors (10240K)
 Metaspace       used 63624K, capacity 65746K, committed 65964K, reserved 1107968K
  class space    used 7437K, capacity 8097K, committed 8192K, reserved 1048576K
}
Event: 70,682 GC heap after
{Heap after GC invocations=30 (full 0):
 garbage-first heap   total 285696K, used 50433K [0x0000000744e00000, 0x0000000800000000)
  region size 1024K, 11 young (11264K), 11 survivors (11264K)
 Metaspace       used 63624K, capacity 65746K, committed 65964K, reserved 1107968K
  class space    used 7437K, capacity 8097K, committed 8192K, reserved 1048576K
}
Event: 79,429 GC heap before
{Heap before GC invocations=30 (full 0):
 garbage-first heap   total 285696K, used 210177K [0x0000000744e00000, 0x0000000800000000)
  region size 1024K, 167 young (171008K), 11 survivors (11264K)
 Metaspace       used 65666K, capacity 68476K, committed 68652K, reserved 1110016K
  class space    used 7608K, capacity 8485K, committed 8576K, reserved 1048576K
}
Event: 79,466 GC heap after
{Heap after GC invocations=31 (full 0):
 garbage-first heap   total 285696K, used 53100K [0x0000000744e00000, 0x0000000800000000)
  region size 1024K, 14 young (14336K), 14 survivors (14336K)
 Metaspace       used 65666K, capacity 68476K, committed 68652K, reserved 1110016K
  class space    used 7608K, capacity 8485K, committed 8576K, reserved 1048576K
}
Event: 95,236 GC heap before
{Heap before GC invocations=31 (full 0):
 garbage-first heap   total 285696K, used 209772K [0x0000000744e00000, 0x0000000800000000)
  region size 1024K, 167 young (171008K), 14 survivors (14336K)
 Metaspace       used 67633K, capacity 70981K, committed 71212K, reserved 1112064K
  class space    used 7767K, capacity 8803K, committed 8832K, reserved 1048576K
}
Event: 95,251 GC heap after
{Heap after GC invocations=32 (full 0):
 garbage-first heap   total 285696K, used 54131K [0x0000000744e00000, 0x0000000800000000)
  region size 1024K, 10 young (10240K), 10 survivors (10240K)
 Metaspace       used 67633K, capacity 70981K, committed 71212K, reserved 1112064K
  class space    used 7767K, capacity 8803K, committed 8832K, reserved 1048576K
}
Event: 149,466 GC heap before
{Heap before GC invocations=32 (full 0):
 garbage-first heap   total 285696K, used 213875K [0x0000000744e00000, 0x0000000800000000)
  region size 1024K, 167 young (171008K), 10 survivors (10240K)
 Metaspace       used 69359K, capacity 73222K, committed 73516K, reserved 1114112K
  class space    used 7898K, capacity 9063K, committed 9088K, reserved 1048576K
}
Event: 149,475 GC heap after
{Heap after GC invocations=33 (full 0):
 garbage-first heap   total 285696K, used 55661K [0x0000000744e00000, 0x0000000800000000)
  region size 1024K, 12 young (12288K), 12 survivors (12288K)
 Metaspace       used 69359K, capacity 73222K, committed 73516K, reserved 1114112K
  class space    used 7898K, capacity 9063K, committed 9088K, reserved 1048576K
}
Event: 152,844 GC heap before
{Heap before GC invocations=33 (full 0):
 garbage-first heap   total 285696K, used 213357K [0x0000000744e00000, 0x0000000800000000)
  region size 1024K, 167 young (171008K), 12 survivors (12288K)
 Metaspace       used 71120K, capacity 75465K, committed 75692K, reserved 1116160K
  class space    used 8041K, capacity 9351K, committed 9472K, reserved 1048576K
}
Event: 152,861 GC heap after
{Heap after GC invocations=34 (full 0):
 garbage-first heap   total 285696K, used 57726K [0x0000000744e00000, 0x0000000800000000)
  region size 1024K, 11 young (11264K), 11 survivors (11264K)
 Metaspace       used 71120K, capacity 75465K, committed 75692K, reserved 1116160K
  class space    used 8041K, capacity 9351K, committed 9472K, reserved 1048576K
}
Event: 187,746 GC heap before
{Heap before GC invocations=34 (full 0):
 garbage-first heap   total 285696K, used 217470K [0x0000000744e00000, 0x0000000800000000)
  region size 1024K, 167 young (171008K), 11 survivors (11264K)
 Metaspace       used 72974K, capacity 77739K, committed 77868K, reserved 1118208K
  class space    used 8180K, capacity 9594K, committed 9600K, reserved 1048576K
}
Event: 187,767 GC heap after
{Heap after GC invocations=35 (full 0):
 garbage-first heap   total 285696K, used 58724K [0x0000000744e00000, 0x0000000800000000)
  region size 1024K, 12 young (12288K), 12 survivors (12288K)
 Metaspace       used 72974K, capacity 77739K, committed 77868K, reserved 1118208K
  class space    used 8180K, capacity 9594K, committed 9600K, reserved 1048576K
}
Event: 189,459 GC heap before
{Heap before GC invocations=35 (full 0):
 garbage-first heap   total 285696K, used 216420K [0x0000000744e00000, 0x0000000800000000)
  region size 1024K, 167 young (171008K), 12 survivors (12288K)
 Metaspace       used 74701K, capacity 80024K, committed 80300K, reserved 1120256K
  class space    used 8320K, capacity 9878K, committed 9984K, reserved 1048576K
}
Event: 189,477 GC heap after
{Heap after GC invocations=36 (full 0):
 garbage-first heap   total 285696K, used 59364K [0x0000000744e00000, 0x0000000800000000)
  region size 1024K, 11 young (11264K), 11 survivors (11264K)
 Metaspace       used 74701K, capacity 80024K, committed 80300K, reserved 1120256K
  class space    used 8320K, capacity 9878K, committed 9984K, reserved 1048576K
}
Event: 210,950 GC heap before
{Heap before GC invocations=36 (full 0):
 garbage-first heap   total 285696K, used 219108K [0x0000000744e00000, 0x0000000800000000)
  region size 1024K, 167 young (171008K), 11 survivors (11264K)
 Metaspace       used 76342K, capacity 82042K, committed 82220K, reserved 1122304K
  class space    used 8448K, capacity 10109K, committed 10112K, reserved 1048576K
}
Event: 210,965 GC heap after
{Heap after GC invocations=37 (full 0):
 garbage-first heap   total 285696K, used 60900K [0x0000000744e00000, 0x0000000800000000)
  region size 1024K, 12 young (12288K), 12 survivors (12288K)
 Metaspace       used 76342K, capacity 82042K, committed 82220K, reserved 1122304K
  class space    used 8448K, capacity 10109K, committed 10112K, reserved 1048576K
}
Event: 212,695 GC heap before
{Heap before GC invocations=37 (full 0):
 garbage-first heap   total 285696K, used 219620K [0x0000000744e00000, 0x0000000800000000)
  region size 1024K, 167 young (171008K), 12 survivors (12288K)
 Metaspace       used 78204K, capacity 84478K, committed 84652K, reserved 1124352K
  class space    used 8605K, capacity 10435K, committed 10496K, reserved 1048576K
}
Event: 212,726 GC heap after
{Heap after GC invocations=38 (full 0):
 garbage-first heap   total 285696K, used 62738K [0x0000000744e00000, 0x0000000800000000)
  region size 1024K, 13 young (13312K), 13 survivors (13312K)
 Metaspace       used 78204K, capacity 84478K, committed 84652K, reserved 1124352K
  class space    used 8605K, capacity 10435K, committed 10496K, reserved 1048576K
}
Event: 213,737 GC heap before
{Heap before GC invocations=38 (full 0):
 garbage-first heap   total 285696K, used 220434K [0x0000000744e00000, 0x0000000800000000)
  region size 1024K, 167 young (171008K), 13 survivors (13312K)
 Metaspace       used 80084K, capacity 86815K, committed 86956K, reserved 1126400K
  class space    used 8754K, capacity 10703K, committed 10752K, reserved 1048576K
}
Event: 213,775 GC heap after
{Heap after GC invocations=39 (full 0):
 garbage-first heap   total 285696K, used 64228K [0x0000000744e00000, 0x0000000800000000)
  region size 1024K, 12 young (12288K), 12 survivors (12288K)
 Metaspace       used 80084K, capacity 86815K, committed 86956K, reserved 1126400K
  class space    used 8754K, capacity 10703K, committed 10752K, reserved 1048576K
}

