# JRE version: OpenJDK Runtime Environment (11.0.6+10) (build 11.0.6+10-post-Debian-1deb10u1)
# Java VM: OpenJDK 64-Bit Server VM (11.0.6+10-post-Debian-1deb10u1, mixed mode, sharing, tiered, compressed oops, g1 gc, linux-amd64)
Heap:
 garbage-first heap   total 353280K, used 136149K [0x0000000744e00000, 0x0000000800000000)
  region size 1024K, 55 young (56320K), 18 survivors (18432K)
 Metaspace       used 44687K, capacity 46426K, committed 46928K, reserved 1091584K
  class space    used 4777K, capacity 5406K, committed 5504K, reserved 1048576K
GC Heap History (20 events):
Event: 21,856 GC heap before
{Heap before GC invocations=22 (full 0):
 garbage-first heap   total 293888K, used 239544K [0x0000000744e00000, 0x0000000800000000)
  region size 1024K, 155 young (158720K), 20 survivors (20480K)
 Metaspace       used 40627K, capacity 42188K, committed 42576K, reserved 1087488K
  class space    used 4322K, capacity 4916K, committed 4992K, reserved 1048576K
}
Event: 21,882 GC heap after
{Heap after GC invocations=23 (full 0):
 garbage-first heap   total 293888K, used 107875K [0x0000000744e00000, 0x0000000800000000)
  region size 1024K, 11 young (11264K), 11 survivors (11264K)
 Metaspace       used 40627K, capacity 42188K, committed 42576K, reserved 1087488K
  class space    used 4322K, capacity 4916K, committed 4992K, reserved 1048576K
}
Event: 22,207 GC heap before
{Heap before GC invocations=23 (full 0):
 garbage-first heap   total 293888K, used 204131K [0x0000000744e00000, 0x0000000800000000)
  region size 1024K, 73 young (74752K), 11 survivors (11264K)
 Metaspace       used 40724K, capacity 42267K, committed 42576K, reserved 1087488K
  class space    used 4324K, capacity 4920K, committed 4992K, reserved 1048576K
}
Event: 22,219 GC heap after
{Heap after GC invocations=24 (full 0):
 garbage-first heap   total 353280K, used 122286K [0x0000000744e00000, 0x0000000800000000)
  region size 1024K, 10 young (10240K), 10 survivors (10240K)
 Metaspace       used 40724K, capacity 42267K, committed 42576K, reserved 1087488K
  class space    used 4324K, capacity 4920K, committed 4992K, reserved 1048576K
}
Event: 23,033 GC heap before
{Heap before GC invocations=25 (full 0):
 garbage-first heap   total 353280K, used 321966K [0x0000000744e00000, 0x0000000800000000)
  region size 1024K, 158 young (161792K), 10 survivors (10240K)
 Metaspace       used 40583K, capacity 42244K, committed 42832K, reserved 1087488K
  class space    used 4288K, capacity 4890K, committed 4992K, reserved 1048576K
}
Event: 23,054 GC heap after
{Heap after GC invocations=26 (full 0):
 garbage-first heap   total 353280K, used 110589K [0x0000000744e00000, 0x0000000800000000)
  region size 1024K, 20 young (20480K), 20 survivors (20480K)
 Metaspace       used 40583K, capacity 42244K, committed 42832K, reserved 1087488K
  class space    used 4288K, capacity 4890K, committed 4992K, reserved 1048576K
}
Event: 23,070 GC heap before
{Heap before GC invocations=26 (full 0):
 garbage-first heap   total 353280K, used 111613K [0x0000000744e00000, 0x0000000800000000)
  region size 1024K, 21 young (21504K), 20 survivors (20480K)
 Metaspace       used 40583K, capacity 42244K, committed 42832K, reserved 1087488K
  class space    used 4288K, capacity 4890K, committed 4992K, reserved 1048576K
}
Event: 23,073 GC heap after
{Heap after GC invocations=27 (full 0):
 garbage-first heap   total 353280K, used 79577K [0x0000000744e00000, 0x0000000800000000)
  region size 1024K, 2 young (2048K), 2 survivors (2048K)
 Metaspace       used 40583K, capacity 42244K, committed 42832K, reserved 1087488K
  class space    used 4288K, capacity 4890K, committed 4992K, reserved 1048576K
}
Event: 23,979 GC heap before
{Heap before GC invocations=27 (full 0):
 garbage-first heap   total 353280K, used 313049K [0x0000000744e00000, 0x0000000800000000)
  region size 1024K, 183 young (187392K), 2 survivors (2048K)
 Metaspace       used 40666K, capacity 42335K, committed 42832K, reserved 1087488K
  class space    used 4296K, capacity 4899K, committed 4992K, reserved 1048576K
}
Event: 23,995 GC heap after
{Heap after GC invocations=28 (full 0):
 garbage-first heap   total 353280K, used 102689K [0x0000000744e00000, 0x0000000800000000)
  region size 1024K, 23 young (23552K), 23 survivors (23552K)
 Metaspace       used 40666K, capacity 42335K, committed 42832K, reserved 1087488K
  class space    used 4296K, capacity 4899K, committed 4992K, reserved 1048576K
}
Event: 24,853 GC heap before
{Heap before GC invocations=28 (full 0):
 garbage-first heap   total 353280K, used 256289K [0x0000000744e00000, 0x0000000800000000)
  region size 1024K, 173 young (177152K), 23 survivors (23552K)
 Metaspace       used 43925K, capacity 45633K, committed 46032K, reserved 1089536K
  class space    used 4700K, capacity 5334K, committed 5376K, reserved 1048576K
}
Event: 24,860 GC heap after
{Heap after GC invocations=29 (full 0):
 garbage-first heap   total 353280K, used 88533K [0x0000000744e00000, 0x0000000800000000)
  region size 1024K, 7 young (7168K), 7 survivors (7168K)
 Metaspace       used 43925K, capacity 45633K, committed 46032K, reserved 1089536K
  class space    used 4700K, capacity 5334K, committed 5376K, reserved 1048576K
}
Event: 25,212 GC heap before
{Heap before GC invocations=29 (full 0):
 garbage-first heap   total 353280K, used 254421K [0x0000000744e00000, 0x0000000800000000)
  region size 1024K, 170 young (174080K), 7 survivors (7168K)
 Metaspace       used 43925K, capacity 45633K, committed 46032K, reserved 1089536K
  class space    used 4700K, capacity 5334K, committed 5376K, reserved 1048576K
}
Event: 25,226 GC heap after
{Heap after GC invocations=30 (full 0):
 garbage-first heap   total 353280K, used 88919K [0x0000000744e00000, 0x0000000800000000)
  region size 1024K, 8 young (8192K), 8 survivors (8192K)
 Metaspace       used 43925K, capacity 45633K, committed 46032K, reserved 1089536K
  class space    used 4700K, capacity 5334K, committed 5376K, reserved 1048576K
}
Event: 25,580 GC heap before
{Heap before GC invocations=30 (full 0):
 garbage-first heap   total 353280K, used 265047K [0x0000000744e00000, 0x0000000800000000)
  region size 1024K, 180 young (184320K), 8 survivors (8192K)
 Metaspace       used 43933K, capacity 45633K, committed 46032K, reserved 1089536K
  class space    used 4700K, capacity 5334K, committed 5376K, reserved 1048576K
}
Event: 25,584 GC heap after
{Heap after GC invocations=31 (full 0):
 garbage-first heap   total 353280K, used 90924K [0x0000000744e00000, 0x0000000800000000)
  region size 1024K, 10 young (10240K), 10 survivors (10240K)
 Metaspace       used 43933K, capacity 45633K, committed 46032K, reserved 1089536K
  class space    used 4700K, capacity 5334K, committed 5376K, reserved 1048576K
}
Event: 25,915 GC heap before
{Heap before GC invocations=31 (full 0):
 garbage-first heap   total 353280K, used 272172K [0x0000000744e00000, 0x0000000800000000)
  region size 1024K, 188 young (192512K), 10 survivors (10240K)
 Metaspace       used 43933K, capacity 45633K, committed 46032K, reserved 1089536K
  class space    used 4700K, capacity 5334K, committed 5376K, reserved 1048576K
}
Event: 25,922 GC heap after
{Heap after GC invocations=32 (full 0):
 garbage-first heap   total 353280K, used 93463K [0x0000000744e00000, 0x0000000800000000)
  region size 1024K, 12 young (12288K), 12 survivors (12288K)
 Metaspace       used 43933K, capacity 45633K, committed 46032K, reserved 1089536K
  class space    used 4700K, capacity 5334K, committed 5376K, reserved 1048576K
}
Event: 26,300 GC heap before
{Heap before GC invocations=32 (full 0):
 garbage-first heap   total 353280K, used 279831K [0x0000000744e00000, 0x0000000800000000)
  region size 1024K, 194 young (198656K), 12 survivors (12288K)
 Metaspace       used 44267K, capacity 45985K, committed 46288K, reserved 1089536K
  class space    used 4739K, capacity 5366K, committed 5376K, reserved 1048576K
}
Event: 26,313 GC heap after
{Heap after GC invocations=33 (full 0):
 garbage-first heap   total 353280K, used 99285K [0x0000000744e00000, 0x0000000800000000)
  region size 1024K, 18 young (18432K), 18 survivors (18432K)
 Metaspace       used 44267K, capacity 45985K, committed 46288K, reserved 1089536K
  class space    used 4739K, capacity 5366K, committed 5376K, reserved 1048576K
}

